<?xml version="1.0" encoding="UTF-8"?>
<!-- Generated by org.testng.reporters.JUnitReportReporter -->
<testsuite hostname="LAPTOP-PD2KTSK6" failures="0" tests="2" name="mytest.Program1" time="12.084" errors="0" timestamp="2024-05-04T11:50:01 IST" skipped="0">
  <testcase classname="mytest.Program1" name="verifyTitle" time="6.308"/>
  <testcase classname="mytest.Program1" name="logo" time="5.776"/>
</testsuite> <!-- mytest.Program1 -->
